Using pre-set license
Built from '2020.3/staging' branch; Version is '2020.3.3f1 (76626098c1c4) revision 7758432'; Using compiler version '192528614'; Build Type 'Release'
OS: 'Windows 10 Home Single Language; OS build 19042.985; Version 2009; 64bit' Language: 'en' Physical Memory: 6082 MB
BatchMode: 1, IsHumanControllingUs: 0, StartBugReporterOnCrash: 0, Is64bit: 1, IsPro: 0

 COMMAND LINE ARGUMENTS:
D:\Unity\editor\2020LTS\Editor\Unity.exe
-adb2
-batchMode
-noUpm
-name
AssetImportWorker0
-projectPath
D:/Unity Puzzle/tutorial puzzle & MS/Mencoba Build Android/MencobaBuildAndroid
-logFile
Logs/AssetImportWorker0.log
-srvPort
50079
Successfully changed project path to: D:/Unity Puzzle/tutorial puzzle & MS/Mencoba Build Android/MencobaBuildAndroid
D:/Unity Puzzle/tutorial puzzle & MS/Mencoba Build Android/MencobaBuildAndroid
Using Asset Import Pipeline V2.
Refreshing native plugins compatible for Editor in 123.98 ms, found 1 plugins.
Preloading 0 native plugins for Editor in 0.00 ms.
Initialize engine version: 2020.3.3f1 (76626098c1c4)
[Subsystems] Discovering subsystems at path D:/Unity/editor/2020LTS/Editor/Data/Resources/UnitySubsystems
[Subsystems] Discovering subsystems at path D:/Unity Puzzle/tutorial puzzle & MS/Mencoba Build Android/MencobaBuildAndroid/Assets
GfxDevice: creating device client; threaded=0
Direct3D:
    Version:  Direct3D 11.0 [level 11.1]
    Renderer: AMD Radeon(TM) Vega 3 Graphics (ID=0x15d8)
    Vendor:   
    VRAM:     3041 MB
    Driver:   25.20.14114.12
Initialize mono
Mono path[0] = 'D:/Unity/editor/2020LTS/Editor/Data/Managed'
Mono path[1] = 'D:/Unity/editor/2020LTS/Editor/Data/MonoBleedingEdge/lib/mono/unityjit'
Mono config path = 'D:/Unity/editor/2020LTS/Editor/Data/MonoBleedingEdge/etc'
Using monoOptions --debugger-agent=transport=dt_socket,embedding=1,server=y,suspend=n,address=127.0.0.1:56868
Begin MonoManager ReloadAssembly
Registering precompiled unity dll's ...
Register platform support module: D:/Unity/editor/2020LTS/Editor/Data/PlaybackEngines/WindowsStandaloneSupport/UnityEditor.WindowsStandalone.Extensions.dll
Registered in 0.003347 seconds.
Native extension for WindowsStandalone target not found
Refreshing native plugins compatible for Editor in 112.14 ms, found 1 plugins.
Preloading 0 native plugins for Editor in 0.00 ms.
Invoked RoslynAnalysisRunner static constructor.
RoslynAnalysisRunner will not be running.
RoslynAnalysisRunner has terminated.
Mono: successfully reloaded assembly
- Completed reload, in  2.736 seconds
Platform modules already initialized, skipping
Registering precompiled user dll's ...
Registered in 0.002118 seconds.
Begin MonoManager ReloadAssembly
Native extension for WindowsStandalone target not found
Refreshing native plugins compatible for Editor in 113.89 ms, found 1 plugins.
Preloading 0 native plugins for Editor in 0.00 ms.
Invoked RoslynAnalysisRunner static constructor.
RoslynAnalysisRunner will not be running.
RoslynAnalysisRunner has terminated.
Mono: successfully reloaded assembly
- Completed reload, in  2.867 seconds
Platform modules already initialized, skipping
========================================================================
Worker process is ready to serve import requests
Launched and connected shader compiler UnityShaderCompiler.exe after 0.19 seconds
Refreshing native plugins compatible for Editor in 1.16 ms, found 1 plugins.
Preloading 0 native plugins for Editor in 0.00 ms.
Unloading 1824 Unused Serialized files (Serialized files now loaded: 0)
System memory in use before: 86.2 MB.
System memory in use after: 86.4 MB.

Unloading 18 unused Assets to reduce memory usage. Loaded Objects now: 2275.
Total: 5.397800 ms (FindLiveObjects: 0.451400 ms CreateObjectMapping: 0.283900 ms MarkObjects: 4.585900 ms  DeleteObjects: 0.073600 ms)

========================================================================
Received Import Request.
  path: Assets/Scenes/FinishScreen.prefab
  artifactKey: Guid(c121698b44ca401458014b47e5b53b78) Importer(815301076,1909f56bfc062723c751e8b465ee728b)
Start importing Assets/Scenes/FinishScreen.prefab using Guid(c121698b44ca401458014b47e5b53b78) Importer(815301076,1909f56bfc062723c751e8b465ee728b)  -> (artifact id: '9663ce214a5dc77c8d6f6b9b448a84e3') in 0.239938 seconds
  Import took 0.248163 seconds .

========================================================================
Received Import Request.
  Time since last request: 201.970624 seconds.
  path: Assets/Scenes/TestingPurpos/abc.png
  artifactKey: Guid(cb5c44425a94dfb45824f46a273f96b6) Importer(815301076,1909f56bfc062723c751e8b465ee728b)
Start importing Assets/Scenes/TestingPurpos/abc.png using Guid(cb5c44425a94dfb45824f46a273f96b6) Importer(815301076,1909f56bfc062723c751e8b465ee728b)  -> (artifact id: 'bf4cabc18986072431ea8e0ef4ee3580') in 0.230079 seconds
  Import took 0.238927 seconds .

========================================================================
Received Import Request.
  Time since last request: 21.279895 seconds.
  path: Assets/Images/8_park1_a.jpg
  artifactKey: Guid(54a6e3ab8ec99bb4e9bf247011dca6b8) Importer(815301076,1909f56bfc062723c751e8b465ee728b)
Start importing Assets/Images/8_park1_a.jpg using Guid(54a6e3ab8ec99bb4e9bf247011dca6b8) Importer(815301076,1909f56bfc062723c751e8b465ee728b)  -> (artifact id: 'fc2d40b7eb6b40e60181e9c8bb3886b4') in 0.136288 seconds
  Import took 0.144919 seconds .

========================================================================
Received Import Request.
  Time since last request: 0.000467 seconds.
  path: Assets/Images/Puzzle.jpg
  artifactKey: Guid(5737d9a94f2b0f94d9c9aa135878bfe7) Importer(815301076,1909f56bfc062723c751e8b465ee728b)
Start importing Assets/Images/Puzzle.jpg using Guid(5737d9a94f2b0f94d9c9aa135878bfe7) Importer(815301076,1909f56bfc062723c751e8b465ee728b)  -> (artifact id: '1584fa3e9a312df6f902cbc51277a8f3') in 0.159420 seconds
  Import took 0.167946 seconds .

========================================================================
Received Import Request.
  Time since last request: 0.000502 seconds.
  path: Assets/Images/home-button.png
  artifactKey: Guid(00c8604955409cf4684f99cad7b3e798) Importer(815301076,1909f56bfc062723c751e8b465ee728b)
Start importing Assets/Images/home-button.png using Guid(00c8604955409cf4684f99cad7b3e798) Importer(815301076,1909f56bfc062723c751e8b465ee728b)  -> (artifact id: 'c210d8e409537061fa134ae5704ecd75') in 0.125446 seconds
  Import took 0.133551 seconds .

========================================================================
Received Import Request.
  Time since last request: 0.000511 seconds.
  path: Assets/Images/Pieces.png
  artifactKey: Guid(ed8ceae964749ed4f9818748e6eb1221) Importer(815301076,1909f56bfc062723c751e8b465ee728b)
Start importing Assets/Images/Pieces.png using Guid(ed8ceae964749ed4f9818748e6eb1221) Importer(815301076,1909f56bfc062723c751e8b465ee728b)  -> (artifact id: 'bf6acbd92f117e2c2623746336b1a095') in 0.121349 seconds
  Import took 0.129114 seconds .

========================================================================
Received Import Request.
  Time since last request: 0.000539 seconds.
  path: Assets/Images/fb3ecb31942565dae22b833aca908976.jpg
  artifactKey: Guid(083048e09981af148babcad9749d44ca) Importer(815301076,1909f56bfc062723c751e8b465ee728b)
Start importing Assets/Images/fb3ecb31942565dae22b833aca908976.jpg using Guid(083048e09981af148babcad9749d44ca) Importer(815301076,1909f56bfc062723c751e8b465ee728b)  -> (artifact id: 'ce231cbf38225291271f32cf53fb736f') in 0.142138 seconds
  Import took 0.149789 seconds .

========================================================================
Received Import Request.
  Time since last request: 1.229625 seconds.
  path: Assets/Images/Material/white.mat
  artifactKey: Guid(be735af1590ca2944b1e06f1949f2e36) Importer(815301076,1909f56bfc062723c751e8b465ee728b)
Start importing Assets/Images/Material/white.mat using Guid(be735af1590ca2944b1e06f1949f2e36) Importer(815301076,1909f56bfc062723c751e8b465ee728b)  -> (artifact id: '852d772ee1af0997a891b50bed4746df') in 2.583930 seconds
  Import took 2.592209 seconds .

========================================================================
Received Import Request.
  Time since last request: 0.000527 seconds.
  path: Assets/Images/puzzlePieces/puzzlw 9.png
  artifactKey: Guid(7330afa370ac731419522d7e59ae24f6) Importer(815301076,1909f56bfc062723c751e8b465ee728b)
Start importing Assets/Images/puzzlePieces/puzzlw 9.png using Guid(7330afa370ac731419522d7e59ae24f6) Importer(815301076,1909f56bfc062723c751e8b465ee728b)  -> (artifact id: '51a6c53edc3ddac561a101a4012044f1') in 0.085512 seconds
  Import took 0.092907 seconds .

========================================================================
Received Import Request.
  Time since last request: 0.000548 seconds.
  path: Assets/Images/puzzlePieces/puzzlw 1.png
  artifactKey: Guid(03fa051054a70814db7e309b4cae1ec7) Importer(815301076,1909f56bfc062723c751e8b465ee728b)
Start importing Assets/Images/puzzlePieces/puzzlw 1.png using Guid(03fa051054a70814db7e309b4cae1ec7) Importer(815301076,1909f56bfc062723c751e8b465ee728b)  -> (artifact id: 'fcb91fde4fb02ec3b5cbe9530e792452') in 0.122562 seconds
  Import took 0.129717 seconds .

========================================================================
Received Import Request.
  Time since last request: 0.000440 seconds.
  path: Assets/Images/puzzlePieces/puzzlw 8.png
  artifactKey: Guid(171bfb8315ca5604d9aae83fccaaab3b) Importer(815301076,1909f56bfc062723c751e8b465ee728b)
Start importing Assets/Images/puzzlePieces/puzzlw 8.png using Guid(171bfb8315ca5604d9aae83fccaaab3b) Importer(815301076,1909f56bfc062723c751e8b465ee728b)  -> (artifact id: '438f7885157ff928ed96879991383737') in 0.084614 seconds
  Import took 0.091950 seconds .

========================================================================
Received Import Request.
  Time since last request: 0.000466 seconds.
  path: Assets/Images/puzzlePieces/puzzlw 2.png
  artifactKey: Guid(739e64a096f1ea04d9e400ee56e9bb75) Importer(815301076,1909f56bfc062723c751e8b465ee728b)
Start importing Assets/Images/puzzlePieces/puzzlw 2.png using Guid(739e64a096f1ea04d9e400ee56e9bb75) Importer(815301076,1909f56bfc062723c751e8b465ee728b)  -> (artifact id: '4daaa5db8b3ff6384e6eacf68d237d7c') in 0.141519 seconds
  Import took 0.149286 seconds .

========================================================================
Received Import Request.
  Time since last request: 0.000469 seconds.
  path: Assets/Images/puzzlePieces/puzzlw 3.png
  artifactKey: Guid(b04e1d2aff7b16945be31a9608a68180) Importer(815301076,1909f56bfc062723c751e8b465ee728b)
Start importing Assets/Images/puzzlePieces/puzzlw 3.png using Guid(b04e1d2aff7b16945be31a9608a68180) Importer(815301076,1909f56bfc062723c751e8b465ee728b)  -> (artifact id: '3158fe556b114361a3505a197bb87bbe') in 0.123409 seconds
  Import took 0.132921 seconds .

========================================================================
Received Import Request.
  Time since last request: 0.000576 seconds.
  path: Assets/Images/puzzlePieces/puzzlw 10.png
  artifactKey: Guid(58bc7fe05c35cfa4f97630fd5bf92ae2) Importer(815301076,1909f56bfc062723c751e8b465ee728b)
Start importing Assets/Images/puzzlePieces/puzzlw 10.png using Guid(58bc7fe05c35cfa4f97630fd5bf92ae2) Importer(815301076,1909f56bfc062723c751e8b465ee728b)  -> (artifact id: '6bcc6522f32bd2d841b00a2d4e498c7e') in 0.119564 seconds
  Import took 0.129467 seconds .

========================================================================
Received Import Request.
  Time since last request: 0.000592 seconds.
  path: Assets/Images/puzzlePieces/puzzlw 4.png
  artifactKey: Guid(bd10b39beceaeaf41b91865ae869dec3) Importer(815301076,1909f56bfc062723c751e8b465ee728b)
Start importing Assets/Images/puzzlePieces/puzzlw 4.png using Guid(bd10b39beceaeaf41b91865ae869dec3) Importer(815301076,1909f56bfc062723c751e8b465ee728b)  -> (artifact id: '0699449a2892f170a7a2ab2e306ad1b3') in 0.139288 seconds
  Import took 0.151151 seconds .

========================================================================
Received Import Request.
  Time since last request: 1.000596 seconds.
  path: Assets/Images/puzzlePieces/puzzlw 5.png
  artifactKey: Guid(370b8ca243dff5d4e85bdbf95530b491) Importer(815301076,1909f56bfc062723c751e8b465ee728b)
Start importing Assets/Images/puzzlePieces/puzzlw 5.png using Guid(370b8ca243dff5d4e85bdbf95530b491) Importer(815301076,1909f56bfc062723c751e8b465ee728b)  -> (artifact id: 'e376822e494928d419f650454cf44199') in 0.152405 seconds
  Import took 0.177543 seconds .

========================================================================
Received Import Request.
  Time since last request: 0.000135 seconds.
  path: Assets/Images/puzzlePieces/puzzlw 6.png
  artifactKey: Guid(89c4272fab5db1e468d1f21307798175) Importer(815301076,1909f56bfc062723c751e8b465ee728b)
Start importing Assets/Images/puzzlePieces/puzzlw 6.png using Guid(89c4272fab5db1e468d1f21307798175) Importer(815301076,1909f56bfc062723c751e8b465ee728b)  -> (artifact id: '1ad101f8995bd3e9dbb46a67fbcd607d') in 0.154847 seconds
  Import took 0.167101 seconds .

========================================================================
Received Import Request.
  Time since last request: 0.000434 seconds.
  path: Assets/Images/puzzlePieces/puzzlw 7.png
  artifactKey: Guid(f391e5b0c73bce041bb5742e3e814b84) Importer(815301076,1909f56bfc062723c751e8b465ee728b)
Start importing Assets/Images/puzzlePieces/puzzlw 7.png using Guid(f391e5b0c73bce041bb5742e3e814b84) Importer(815301076,1909f56bfc062723c751e8b465ee728b)  -> (artifact id: 'fb0c5f0c7918894fa4455c0dc0e2537e') in 0.131502 seconds
  Import took 0.141176 seconds .

========================================================================
Received Import Request.
  Time since last request: 0.000454 seconds.
  path: Assets/Images/puzzlePieces/puzzlw 5.png
  artifactKey: Guid(370b8ca243dff5d4e85bdbf95530b491) Importer(815301076,1909f56bfc062723c751e8b465ee728b)
Start importing Assets/Images/puzzlePieces/puzzlw 5.png using Guid(370b8ca243dff5d4e85bdbf95530b491) Importer(815301076,1909f56bfc062723c751e8b465ee728b)  -> (artifact id: 'e376822e494928d419f650454cf44199') in 0.134492 seconds
  Import took 0.143804 seconds .

========================================================================
Received Import Request.
  Time since last request: 1.466859 seconds.
  path: Assets/Prefab/4pieces.prefab
  artifactKey: Guid(8a5aef904c8f3dc4496dba1e63822ba4) Importer(815301076,1909f56bfc062723c751e8b465ee728b)
Start importing Assets/Prefab/4pieces.prefab using Guid(8a5aef904c8f3dc4496dba1e63822ba4) Importer(815301076,1909f56bfc062723c751e8b465ee728b)  -> (artifact id: 'c2b43082ff6f886146ed1169e6f4a1a1') in 0.122606 seconds
  Import took 0.131807 seconds .

========================================================================
Received Import Request.
  Time since last request: 0.000463 seconds.
  path: Assets/Prefab/GrandFourPieces.prefab
  artifactKey: Guid(048a26206a3f1054b969c29280d6a618) Importer(815301076,1909f56bfc062723c751e8b465ee728b)
Start importing Assets/Prefab/GrandFourPieces.prefab using Guid(048a26206a3f1054b969c29280d6a618) Importer(815301076,1909f56bfc062723c751e8b465ee728b)  -> (artifact id: '38796d05fa012e43a5ffb54a054f0c4d') in 0.144254 seconds
  Import took 0.152742 seconds .

========================================================================
Received Import Request.
  Time since last request: 0.000478 seconds.
  path: Assets/Prefab/HomeButton.prefab
  artifactKey: Guid(e915d56dedaa47c42a985a4db8743e1c) Importer(815301076,1909f56bfc062723c751e8b465ee728b)
Start importing Assets/Prefab/HomeButton.prefab using Guid(e915d56dedaa47c42a985a4db8743e1c) Importer(815301076,1909f56bfc062723c751e8b465ee728b)  -> (artifact id: 'c5dcc2c73234ee3abfb0234f686c48d8') in 0.104325 seconds
  Import took 0.112129 seconds .

========================================================================
Received Prepare
Registering precompiled user dll's ...
Registered in 0.002335 seconds.
Begin MonoManager ReloadAssembly
Native extension for WindowsStandalone target not found
Refreshing native plugins compatible for Editor in 0.95 ms, found 1 plugins.
Preloading 0 native plugins for Editor in 0.00 ms.
Invoked RoslynAnalysisRunner static constructor.
RoslynAnalysisRunner will not be running.
RoslynAnalysisRunner has terminated.
Mono: successfully reloaded assembly
- Completed reload, in  2.594 seconds
Platform modules already initialized, skipping
Switching build target platform(5) subTarget(0) extendedPlatform(0) -> platform(13) subTarget(537395200) extendedPlatform(0)
Refreshing native plugins compatible for Editor in 0.83 ms, found 1 plugins.
Preloading 0 native plugins for Editor in 0.00 ms.
Unloading 1818 Unused Serialized files (Serialized files now loaded: 0)
System memory in use before: 89.2 MB.
System memory in use after: 89.3 MB.

Unloading 9 unused Assets to reduce memory usage. Loaded Objects now: 2342.
Total: 8.770400 ms (FindLiveObjects: 0.740900 ms CreateObjectMapping: 0.161200 ms MarkObjects: 7.786100 ms  DeleteObjects: 0.078600 ms)

AssetImportParameters requested are different than current active one (requested -> active):
  custom:graphics/normal-map-encoding: 01000000000000000000000000000000 -> 02000000000000000000000000000000
AssetImportWorkerClient::OnTransportError - code=2 error=End of file
