Using pre-set license
Built from '2020.3/staging' branch; Version is '2020.3.3f1 (76626098c1c4) revision 7758432'; Using compiler version '192528614'; Build Type 'Release'
OS: 'Windows 10 Home Single Language; OS build 19042.928; Version 2009; 64bit' Language: 'en' Physical Memory: 6082 MB
BatchMode: 1, IsHumanControllingUs: 0, StartBugReporterOnCrash: 0, Is64bit: 1, IsPro: 0

 COMMAND LINE ARGUMENTS:
D:\Unity\editor\2020LTS\Editor\Unity.exe
-adb2
-batchMode
-noUpm
-name
AssetImportWorker1
-projectPath
D:/Unity Puzzle/tutorial puzzle & MS/Mencoba Build Android/MencobaBuildAndroid
-logFile
Logs/AssetImportWorker1.log
-srvPort
49822
Successfully changed project path to: D:/Unity Puzzle/tutorial puzzle & MS/Mencoba Build Android/MencobaBuildAndroid
D:/Unity Puzzle/tutorial puzzle & MS/Mencoba Build Android/MencobaBuildAndroid
Using Asset Import Pipeline V2.
Refreshing native plugins compatible for Editor in 128.71 ms, found 1 plugins.
Preloading 0 native plugins for Editor in 0.00 ms.
Initialize engine version: 2020.3.3f1 (76626098c1c4)
[Subsystems] Discovering subsystems at path D:/Unity/editor/2020LTS/Editor/Data/Resources/UnitySubsystems
[Subsystems] Discovering subsystems at path D:/Unity Puzzle/tutorial puzzle & MS/Mencoba Build Android/MencobaBuildAndroid/Assets
GfxDevice: creating device client; threaded=0
Direct3D:
    Version:  Direct3D 11.0 [level 11.1]
    Renderer: AMD Radeon(TM) Vega 3 Graphics (ID=0x15d8)
    Vendor:   
    VRAM:     3041 MB
    Driver:   25.20.14114.12
Initialize mono
Mono path[0] = 'D:/Unity/editor/2020LTS/Editor/Data/Managed'
Mono path[1] = 'D:/Unity/editor/2020LTS/Editor/Data/MonoBleedingEdge/lib/mono/unityjit'
Mono config path = 'D:/Unity/editor/2020LTS/Editor/Data/MonoBleedingEdge/etc'
Using monoOptions --debugger-agent=transport=dt_socket,embedding=1,server=y,suspend=n,address=127.0.0.1:56400
Begin MonoManager ReloadAssembly
Registering precompiled unity dll's ...
Register platform support module: D:/Unity/editor/2020LTS/Editor/Data/PlaybackEngines/WindowsStandaloneSupport/UnityEditor.WindowsStandalone.Extensions.dll
Registered in 0.003029 seconds.
Native extension for WindowsStandalone target not found
Refreshing native plugins compatible for Editor in 106.32 ms, found 1 plugins.
Preloading 0 native plugins for Editor in 0.00 ms.
Invoked RoslynAnalysisRunner static constructor.
RoslynAnalysisRunner will not be running.
RoslynAnalysisRunner has terminated.
Mono: successfully reloaded assembly
- Completed reload, in  3.028 seconds
Platform modules already initialized, skipping
Registering precompiled user dll's ...
Registered in 0.002140 seconds.
Begin MonoManager ReloadAssembly
Native extension for WindowsStandalone target not found
Refreshing native plugins compatible for Editor in 142.13 ms, found 1 plugins.
Preloading 0 native plugins for Editor in 0.00 ms.
Invoked RoslynAnalysisRunner static constructor.
RoslynAnalysisRunner will not be running.
RoslynAnalysisRunner has terminated.
Mono: successfully reloaded assembly
- Completed reload, in  3.919 seconds
Platform modules already initialized, skipping
========================================================================
Worker process is ready to serve import requests
Launched and connected shader compiler UnityShaderCompiler.exe after 0.23 seconds
Refreshing native plugins compatible for Editor in 0.91 ms, found 1 plugins.
Preloading 0 native plugins for Editor in 0.00 ms.
Unloading 1822 Unused Serialized files (Serialized files now loaded: 0)
System memory in use before: 85.7 MB.
System memory in use after: 85.8 MB.

Unloading 18 unused Assets to reduce memory usage. Loaded Objects now: 2271.
Total: 7.659900 ms (FindLiveObjects: 0.788800 ms CreateObjectMapping: 0.200200 ms MarkObjects: 6.575300 ms  DeleteObjects: 0.090500 ms)

========================================================================
Received Import Request.
  path: Assets/Scenes/Scenes/Universal.unity
  artifactKey: Guid(450b1897ddb13654785d7970715dfddc) Importer(815301076,1909f56bfc062723c751e8b465ee728b)
Start importing Assets/Scenes/Scenes/Universal.unity using Guid(450b1897ddb13654785d7970715dfddc) Importer(815301076,1909f56bfc062723c751e8b465ee728b)  -> (artifact id: '67d1e6773e4aefe9fc1cbec8542d660b') in 0.163771 seconds
  Import took 0.171825 seconds .

========================================================================
Received Import Request.
  Time since last request: 0.000600 seconds.
  path: Assets/Scenes/Scenes/Level 2.unity
  artifactKey: Guid(337b7cbea0025034b8f6d9f0a40a688f) Importer(815301076,1909f56bfc062723c751e8b465ee728b)
Start importing Assets/Scenes/Scenes/Level 2.unity using Guid(337b7cbea0025034b8f6d9f0a40a688f) Importer(815301076,1909f56bfc062723c751e8b465ee728b)  -> (artifact id: '06ba9a1c957dd88e3bb706839ac1a74f') in 0.154168 seconds
  Import took 0.164494 seconds .

========================================================================
Received Import Request.
  Time since last request: 29.793551 seconds.
  path: Assets/Scenes/Scenes/SwipeMenu.unity
  artifactKey: Guid(cf71cd638965d49449dd0e4c55a0c3d3) Importer(815301076,1909f56bfc062723c751e8b465ee728b)
Start importing Assets/Scenes/Scenes/SwipeMenu.unity using Guid(cf71cd638965d49449dd0e4c55a0c3d3) Importer(815301076,1909f56bfc062723c751e8b465ee728b)  -> (artifact id: 'a960516939ccf9b631f636c81bf0f3b7') in 0.100276 seconds
  Import took 0.109155 seconds .

========================================================================
Received Prepare
Registering precompiled user dll's ...
Registered in 0.003922 seconds.
Begin MonoManager ReloadAssembly
Native extension for WindowsStandalone target not found
Refreshing native plugins compatible for Editor in 0.91 ms, found 1 plugins.
Preloading 0 native plugins for Editor in 0.00 ms.
Invoked RoslynAnalysisRunner static constructor.
RoslynAnalysisRunner will not be running.
RoslynAnalysisRunner has terminated.
Mono: successfully reloaded assembly
- Completed reload, in  2.642 seconds
Platform modules already initialized, skipping
Switching build target platform(5) subTarget(0) extendedPlatform(0) -> platform(13) subTarget(537395200) extendedPlatform(0)
Refreshing native plugins compatible for Editor in 0.83 ms, found 1 plugins.
Preloading 0 native plugins for Editor in 0.00 ms.
Unloading 1816 Unused Serialized files (Serialized files now loaded: 0)
System memory in use before: 85.3 MB.
System memory in use after: 85.4 MB.

Unloading 8 unused Assets to reduce memory usage. Loaded Objects now: 2274.
Total: 4.979900 ms (FindLiveObjects: 0.440500 ms CreateObjectMapping: 0.113400 ms MarkObjects: 4.378900 ms  DeleteObjects: 0.044000 ms)

AssetImportParameters requested are different than current active one (requested -> active):
  custom:graphics/normal-map-encoding: 01000000000000000000000000000000 -> 02000000000000000000000000000000
========================================================================
Received Prepare
Registering precompiled user dll's ...
Registered in 0.003060 seconds.
Begin MonoManager ReloadAssembly
Native extension for WindowsStandalone target not found
Refreshing native plugins compatible for Editor in 1.00 ms, found 1 plugins.
Preloading 0 native plugins for Editor in 0.00 ms.
Invoked RoslynAnalysisRunner static constructor.
RoslynAnalysisRunner will not be running.
RoslynAnalysisRunner has terminated.
Mono: successfully reloaded assembly
- Completed reload, in  2.978 seconds
Platform modules already initialized, skipping
Switching build target platform(5) subTarget(0) extendedPlatform(0) -> platform(13) subTarget(537395200) extendedPlatform(0)
Refreshing native plugins compatible for Editor in 0.83 ms, found 1 plugins.
Preloading 0 native plugins for Editor in 0.00 ms.
Unloading 1816 Unused Serialized files (Serialized files now loaded: 0)
System memory in use before: 85.3 MB.
System memory in use after: 85.4 MB.

Unloading 8 unused Assets to reduce memory usage. Loaded Objects now: 2277.
Total: 6.789300 ms (FindLiveObjects: 0.691600 ms CreateObjectMapping: 0.153200 ms MarkObjects: 5.887000 ms  DeleteObjects: 0.054500 ms)

AssetImportParameters requested are different than current active one (requested -> active):
  custom:graphics/normal-map-encoding: 01000000000000000000000000000000 -> 02000000000000000000000000000000
========================================================================
Received Prepare
Registering precompiled user dll's ...
Registered in 0.002804 seconds.
Begin MonoManager ReloadAssembly
Native extension for WindowsStandalone target not found
Refreshing native plugins compatible for Editor in 1.87 ms, found 1 plugins.
Preloading 0 native plugins for Editor in 0.00 ms.
Invoked RoslynAnalysisRunner static constructor.
RoslynAnalysisRunner will not be running.
RoslynAnalysisRunner has terminated.
Mono: successfully reloaded assembly
- Completed reload, in  2.987 seconds
Platform modules already initialized, skipping
Switching build target platform(5) subTarget(0) extendedPlatform(0) -> platform(13) subTarget(537395200) extendedPlatform(0)
Refreshing native plugins compatible for Editor in 1.67 ms, found 1 plugins.
Preloading 0 native plugins for Editor in 0.00 ms.
Unloading 1816 Unused Serialized files (Serialized files now loaded: 0)
System memory in use before: 85.4 MB.
System memory in use after: 85.5 MB.

Unloading 8 unused Assets to reduce memory usage. Loaded Objects now: 2280.
Total: 5.000300 ms (FindLiveObjects: 0.464000 ms CreateObjectMapping: 0.117700 ms MarkObjects: 4.365600 ms  DeleteObjects: 0.049200 ms)

AssetImportParameters requested are different than current active one (requested -> active):
  custom:graphics/normal-map-encoding: 01000000000000000000000000000000 -> 02000000000000000000000000000000
========================================================================
Received Prepare
Registering precompiled user dll's ...
Registered in 0.002118 seconds.
Begin MonoManager ReloadAssembly
Native extension for WindowsStandalone target not found
Refreshing native plugins compatible for Editor in 0.87 ms, found 1 plugins.
Preloading 0 native plugins for Editor in 0.00 ms.
Invoked RoslynAnalysisRunner static constructor.
RoslynAnalysisRunner will not be running.
RoslynAnalysisRunner has terminated.
Mono: successfully reloaded assembly
- Completed reload, in  2.758 seconds
Platform modules already initialized, skipping
Switching build target platform(5) subTarget(0) extendedPlatform(0) -> platform(13) subTarget(537395200) extendedPlatform(0)
Refreshing native plugins compatible for Editor in 1.70 ms, found 1 plugins.
Preloading 0 native plugins for Editor in 0.00 ms.
Unloading 1816 Unused Serialized files (Serialized files now loaded: 0)
System memory in use before: 85.4 MB.
System memory in use after: 85.5 MB.

Unloading 8 unused Assets to reduce memory usage. Loaded Objects now: 2283.
Total: 6.296300 ms (FindLiveObjects: 0.695200 ms CreateObjectMapping: 0.145200 ms MarkObjects: 5.399600 ms  DeleteObjects: 0.050600 ms)

AssetImportParameters requested are different than current active one (requested -> active):
  custom:graphics/normal-map-encoding: 01000000000000000000000000000000 -> 02000000000000000000000000000000
========================================================================
Received Import Request.
  Time since last request: 951.420911 seconds.
  path: Assets/Scenes/Scenes/Home.unity
  artifactKey: Guid(4fa47afb244e65049a70f8e967b2a034) Importer(815301076,1909f56bfc062723c751e8b465ee728b)
Start importing Assets/Scenes/Scenes/Home.unity using Guid(4fa47afb244e65049a70f8e967b2a034) Importer(815301076,1909f56bfc062723c751e8b465ee728b)  -> (artifact id: 'fcdbbac8b3af4007d08860944296fefa') in 0.040364 seconds
  Import took 0.071264 seconds .

========================================================================
Received Prepare
Registering precompiled user dll's ...
Registered in 0.002164 seconds.
Begin MonoManager ReloadAssembly
Native extension for WindowsStandalone target not found
Refreshing native plugins compatible for Editor in 1.33 ms, found 1 plugins.
Preloading 0 native plugins for Editor in 0.00 ms.
Invoked RoslynAnalysisRunner static constructor.
RoslynAnalysisRunner will not be running.
RoslynAnalysisRunner has terminated.
Mono: successfully reloaded assembly
- Completed reload, in  2.638 seconds
Platform modules already initialized, skipping
Switching build target platform(5) subTarget(0) extendedPlatform(0) -> platform(13) subTarget(537395200) extendedPlatform(0)
Refreshing native plugins compatible for Editor in 1.06 ms, found 1 plugins.
Preloading 0 native plugins for Editor in 0.00 ms.
Unloading 1816 Unused Serialized files (Serialized files now loaded: 0)
System memory in use before: 85.4 MB.
System memory in use after: 85.5 MB.

Unloading 8 unused Assets to reduce memory usage. Loaded Objects now: 2286.
Total: 5.528900 ms (FindLiveObjects: 0.490700 ms CreateObjectMapping: 0.178500 ms MarkObjects: 4.815700 ms  DeleteObjects: 0.040700 ms)

AssetImportParameters requested are different than current active one (requested -> active):
  custom:graphics/normal-map-encoding: 01000000000000000000000000000000 -> 02000000000000000000000000000000
========================================================================
Received Import Request.
  Time since last request: 80.577272 seconds.
  path: Assets/Scenes/Scenes/SwipeMenu.unity
  artifactKey: Guid(cf71cd638965d49449dd0e4c55a0c3d3) Importer(815301076,1909f56bfc062723c751e8b465ee728b)
Start importing Assets/Scenes/Scenes/SwipeMenu.unity using Guid(cf71cd638965d49449dd0e4c55a0c3d3) Importer(815301076,1909f56bfc062723c751e8b465ee728b)  -> (artifact id: '115c77ecdbca9752067fa16e32a2c20c') in 0.094880 seconds
  Import took 0.103590 seconds .

========================================================================
Received Prepare
Registering precompiled user dll's ...
Registered in 0.002060 seconds.
Begin MonoManager ReloadAssembly
Native extension for WindowsStandalone target not found
Refreshing native plugins compatible for Editor in 1.33 ms, found 1 plugins.
Preloading 0 native plugins for Editor in 0.00 ms.
Invoked RoslynAnalysisRunner static constructor.
RoslynAnalysisRunner will not be running.
RoslynAnalysisRunner has terminated.
Mono: successfully reloaded assembly
- Completed reload, in  2.955 seconds
Platform modules already initialized, skipping
Switching build target platform(5) subTarget(0) extendedPlatform(0) -> platform(13) subTarget(537395200) extendedPlatform(0)
Refreshing native plugins compatible for Editor in 1.23 ms, found 1 plugins.
Preloading 0 native plugins for Editor in 0.00 ms.
Unloading 1816 Unused Serialized files (Serialized files now loaded: 0)
System memory in use before: 85.4 MB.
System memory in use after: 85.5 MB.

Unloading 8 unused Assets to reduce memory usage. Loaded Objects now: 2289.
Total: 5.285600 ms (FindLiveObjects: 0.485400 ms CreateObjectMapping: 0.116600 ms MarkObjects: 4.639900 ms  DeleteObjects: 0.040500 ms)

AssetImportParameters requested are different than current active one (requested -> active):
  custom:graphics/normal-map-encoding: 01000000000000000000000000000000 -> 02000000000000000000000000000000
========================================================================
Received Import Request.
  Time since last request: 90.441419 seconds.
  path: Assets/Scenes/Scenes/Home.unity
  artifactKey: Guid(4fa47afb244e65049a70f8e967b2a034) Importer(815301076,1909f56bfc062723c751e8b465ee728b)
Start importing Assets/Scenes/Scenes/Home.unity using Guid(4fa47afb244e65049a70f8e967b2a034) Importer(815301076,1909f56bfc062723c751e8b465ee728b)  -> (artifact id: '3323e11e405c6844d9301cf9e6480f09') in 0.040269 seconds
  Import took 0.049427 seconds .

========================================================================
Received Import Request.
  Time since last request: 268.092443 seconds.
  path: Assets/Scenes/Scenes/FinishScreen.prefab
  artifactKey: Guid(972073c0dd4cfa140b75e190fe46d4a1) Importer(815301076,1909f56bfc062723c751e8b465ee728b)
Start importing Assets/Scenes/Scenes/FinishScreen.prefab using Guid(972073c0dd4cfa140b75e190fe46d4a1) Importer(815301076,1909f56bfc062723c751e8b465ee728b)  -> (artifact id: '1c816acbe27b028a23cb0c9bd09f09a4') in 0.313508 seconds
  Import took 0.322196 seconds .

========================================================================
Received Import Request.
  Time since last request: 65.834779 seconds.
  path: Assets/Scenes/FinishScreen 1.prefab
  artifactKey: Guid(c121698b44ca401458014b47e5b53b78) Importer(815301076,1909f56bfc062723c751e8b465ee728b)
Start importing Assets/Scenes/FinishScreen 1.prefab using Guid(c121698b44ca401458014b47e5b53b78) Importer(815301076,1909f56bfc062723c751e8b465ee728b)  -> (artifact id: '4cade38084180279f6e74b22668b44cd') in 0.086758 seconds
  Import took 0.094950 seconds .

========================================================================
Received Import Request.
  Time since last request: 45.659042 seconds.
  path: Assets/Scenes/FinishScreen 1.prefab
  artifactKey: Guid(c121698b44ca401458014b47e5b53b78) Importer(815301076,1909f56bfc062723c751e8b465ee728b)
Start importing Assets/Scenes/FinishScreen 1.prefab using Guid(c121698b44ca401458014b47e5b53b78) Importer(815301076,1909f56bfc062723c751e8b465ee728b)  -> (artifact id: '342afe78445fee4794cdfa0b2977a0f3') in 0.093411 seconds
  Import took 0.103349 seconds .

========================================================================
Received Import Request.
  Time since last request: 12.870884 seconds.
  path: Assets/Scenes/Scenes/Level 2.unity
  artifactKey: Guid(337b7cbea0025034b8f6d9f0a40a688f) Importer(815301076,1909f56bfc062723c751e8b465ee728b)
Start importing Assets/Scenes/Scenes/Level 2.unity using Guid(337b7cbea0025034b8f6d9f0a40a688f) Importer(815301076,1909f56bfc062723c751e8b465ee728b)  -> (artifact id: '721ac588b40c82f04b593cad9e6fd943') in 0.071361 seconds
  Import took 0.078550 seconds .

========================================================================
Received Import Request.
  Time since last request: 42.607723 seconds.
  path: Assets/Scenes/FinishScreen.prefab
  artifactKey: Guid(c121698b44ca401458014b47e5b53b78) Importer(815301076,1909f56bfc062723c751e8b465ee728b)
Start importing Assets/Scenes/FinishScreen.prefab using Guid(c121698b44ca401458014b47e5b53b78) Importer(815301076,1909f56bfc062723c751e8b465ee728b)  -> (artifact id: '003859dae3940953b8fada322c346a76') in 0.085735 seconds
  Import took 0.094011 seconds .

========================================================================
Received Import Request.
  Time since last request: 12.393336 seconds.
  path: Assets/Scenes/Scenes/Home.unity
  artifactKey: Guid(4fa47afb244e65049a70f8e967b2a034) Importer(815301076,1909f56bfc062723c751e8b465ee728b)
Start importing Assets/Scenes/Scenes/Home.unity using Guid(4fa47afb244e65049a70f8e967b2a034) Importer(815301076,1909f56bfc062723c751e8b465ee728b)  -> (artifact id: '33034258b11ce99d4e9baefc70bbd3bd') in 0.011757 seconds
  Import took 0.024130 seconds .

========================================================================
Received Import Request.
  Time since last request: 48.065681 seconds.
  path: Assets/Scenes/Scenes/Universal.unity
  artifactKey: Guid(450b1897ddb13654785d7970715dfddc) Importer(815301076,1909f56bfc062723c751e8b465ee728b)
Start importing Assets/Scenes/Scenes/Universal.unity using Guid(450b1897ddb13654785d7970715dfddc) Importer(815301076,1909f56bfc062723c751e8b465ee728b)  -> (artifact id: 'e7dd99b3915288caf84db2a7a8e13d91') in 0.084654 seconds
  Import took 0.093892 seconds .

========================================================================
Received Import Request.
  Time since last request: 29.682029 seconds.
  path: Assets/Scenes/Scripts/FinishScreen.cs
  artifactKey: Guid(4698049e2c15f694183dfe177684d0bc) Importer(815301076,1909f56bfc062723c751e8b465ee728b)
Start importing Assets/Scenes/Scripts/FinishScreen.cs using Guid(4698049e2c15f694183dfe177684d0bc) Importer(815301076,1909f56bfc062723c751e8b465ee728b)  -> (artifact id: '402db6a7af12b5ab46a7ca759fb1da34') in 0.324744 seconds
  Import took 0.332544 seconds .

========================================================================
Received Prepare
Registering precompiled user dll's ...
Registered in 0.002188 seconds.
Begin MonoManager ReloadAssembly
Native extension for WindowsStandalone target not found
Refreshing native plugins compatible for Editor in 1.59 ms, found 1 plugins.
Preloading 0 native plugins for Editor in 0.00 ms.
Invoked RoslynAnalysisRunner static constructor.
RoslynAnalysisRunner will not be running.
RoslynAnalysisRunner has terminated.
Mono: successfully reloaded assembly
- Completed reload, in  4.375 seconds
Platform modules already initialized, skipping
Switching build target platform(5) subTarget(0) extendedPlatform(0) -> platform(13) subTarget(537395200) extendedPlatform(0)
Refreshing native plugins compatible for Editor in 0.86 ms, found 1 plugins.
Preloading 0 native plugins for Editor in 0.00 ms.
Unloading 1816 Unused Serialized files (Serialized files now loaded: 0)
System memory in use before: 85.5 MB.
System memory in use after: 85.6 MB.

Unloading 9 unused Assets to reduce memory usage. Loaded Objects now: 2294.
Total: 5.756800 ms (FindLiveObjects: 0.466100 ms CreateObjectMapping: 0.118100 ms MarkObjects: 5.088500 ms  DeleteObjects: 0.081300 ms)

AssetImportParameters requested are different than current active one (requested -> active):
  custom:graphics/normal-map-encoding: 01000000000000000000000000000000 -> 02000000000000000000000000000000
========================================================================
Received Import Request.
  Time since last request: 985.738521 seconds.
  path: Assets/Scenes/Scriptable/BookOfKnowledge.prefab
  artifactKey: Guid(7038ae553c9f792469cc88dc21a85fa0) Importer(815301076,1909f56bfc062723c751e8b465ee728b)
Start importing Assets/Scenes/Scriptable/BookOfKnowledge.prefab using Guid(7038ae553c9f792469cc88dc21a85fa0) Importer(815301076,1909f56bfc062723c751e8b465ee728b)  -> (artifact id: 'eeb3f92043f20b0f5c86861e5807b2a5') in 0.143893 seconds
  Import took 0.301815 seconds .

========================================================================
Received Import Request.
  Time since last request: 16.737680 seconds.
  path: Assets/Scenes/Scriptable/BookOfKnowledge.prefab
  artifactKey: Guid(7038ae553c9f792469cc88dc21a85fa0) Importer(815301076,1909f56bfc062723c751e8b465ee728b)
Start importing Assets/Scenes/Scriptable/BookOfKnowledge.prefab using Guid(7038ae553c9f792469cc88dc21a85fa0) Importer(815301076,1909f56bfc062723c751e8b465ee728b)  -> (artifact id: 'bbc3fc4cc33acbdbe1d13bef57f9014a') in 0.008184 seconds
  Import took 0.033733 seconds .

========================================================================
Received Import Request.
  Time since last request: 4.969388 seconds.
  path: Assets/Scenes/Scenes/Level 2.unity
  artifactKey: Guid(337b7cbea0025034b8f6d9f0a40a688f) Importer(815301076,1909f56bfc062723c751e8b465ee728b)
Start importing Assets/Scenes/Scenes/Level 2.unity using Guid(337b7cbea0025034b8f6d9f0a40a688f) Importer(815301076,1909f56bfc062723c751e8b465ee728b)  -> (artifact id: 'f2c47911b316823537d1ed5e315344e6') in 0.004498 seconds
  Import took 0.024445 seconds .

========================================================================
Received Import Request.
  Time since last request: 38.614805 seconds.
  path: Assets/Scenes/Scenes/Universal.unity
  artifactKey: Guid(450b1897ddb13654785d7970715dfddc) Importer(815301076,1909f56bfc062723c751e8b465ee728b)
Start importing Assets/Scenes/Scenes/Universal.unity using Guid(450b1897ddb13654785d7970715dfddc) Importer(815301076,1909f56bfc062723c751e8b465ee728b)  -> (artifact id: 'b1f0ae78a10c3e807c8bb0bb8cf239ed') in 0.004201 seconds
  Import took 0.021447 seconds .

========================================================================
Received Prepare
Registering precompiled user dll's ...
Registered in 0.001115 seconds.
Begin MonoManager ReloadAssembly
Native extension for WindowsStandalone target not found
Refreshing native plugins compatible for Editor in 0.45 ms, found 1 plugins.
Preloading 0 native plugins for Editor in 0.00 ms.
Invoked RoslynAnalysisRunner static constructor.
RoslynAnalysisRunner will not be running.
RoslynAnalysisRunner has terminated.
Mono: successfully reloaded assembly
- Completed reload, in  1.576 seconds
Platform modules already initialized, skipping
Switching build target platform(5) subTarget(0) extendedPlatform(0) -> platform(13) subTarget(537395200) extendedPlatform(0)
Refreshing native plugins compatible for Editor in 0.66 ms, found 1 plugins.
Preloading 0 native plugins for Editor in 0.00 ms.
Unloading 1816 Unused Serialized files (Serialized files now loaded: 0)
System memory in use before: 85.7 MB.
System memory in use after: 85.8 MB.

Unloading 10 unused Assets to reduce memory usage. Loaded Objects now: 2297.
Total: 4.109500 ms (FindLiveObjects: 0.343100 ms CreateObjectMapping: 0.069000 ms MarkObjects: 3.650000 ms  DeleteObjects: 0.045800 ms)

AssetImportParameters requested are different than current active one (requested -> active):
  custom:graphics/normal-map-encoding: 01000000000000000000000000000000 -> 02000000000000000000000000000000
========================================================================
Received Import Request.
  Time since last request: 38.043170 seconds.
  path: Assets/Scenes/Scenes/Level 2.unity
  artifactKey: Guid(337b7cbea0025034b8f6d9f0a40a688f) Importer(815301076,1909f56bfc062723c751e8b465ee728b)
Start importing Assets/Scenes/Scenes/Level 2.unity using Guid(337b7cbea0025034b8f6d9f0a40a688f) Importer(815301076,1909f56bfc062723c751e8b465ee728b)  -> (artifact id: '94b78988564d34187be569d0cd418b46') in 0.016282 seconds
  Import took 0.043518 seconds .

========================================================================
Received Prepare
Registering precompiled user dll's ...
Registered in 0.001254 seconds.
Begin MonoManager ReloadAssembly
Native extension for WindowsStandalone target not found
Refreshing native plugins compatible for Editor in 0.54 ms, found 1 plugins.
Preloading 0 native plugins for Editor in 0.00 ms.
Invoked RoslynAnalysisRunner static constructor.
RoslynAnalysisRunner will not be running.
RoslynAnalysisRunner has terminated.
Mono: successfully reloaded assembly
- Completed reload, in  1.679 seconds
Platform modules already initialized, skipping
Switching build target platform(5) subTarget(0) extendedPlatform(0) -> platform(13) subTarget(537395200) extendedPlatform(0)
Refreshing native plugins compatible for Editor in 0.92 ms, found 1 plugins.
Preloading 0 native plugins for Editor in 0.00 ms.
Unloading 1816 Unused Serialized files (Serialized files now loaded: 0)
System memory in use before: 85.7 MB.
System memory in use after: 85.8 MB.

Unloading 8 unused Assets to reduce memory usage. Loaded Objects now: 2300.
Total: 3.841900 ms (FindLiveObjects: 0.382900 ms CreateObjectMapping: 0.112600 ms MarkObjects: 3.289100 ms  DeleteObjects: 0.055000 ms)

AssetImportParameters requested are different than current active one (requested -> active):
  custom:graphics/normal-map-encoding: 01000000000000000000000000000000 -> 02000000000000000000000000000000
========================================================================
Received Prepare
Registering precompiled user dll's ...
Registered in 0.001067 seconds.
Begin MonoManager ReloadAssembly
Native extension for WindowsStandalone target not found
Refreshing native plugins compatible for Editor in 0.44 ms, found 1 plugins.
Preloading 0 native plugins for Editor in 0.00 ms.
Invoked RoslynAnalysisRunner static constructor.
RoslynAnalysisRunner will not be running.
RoslynAnalysisRunner has terminated.
Mono: successfully reloaded assembly
- Completed reload, in  1.202 seconds
Platform modules already initialized, skipping
Switching build target platform(5) subTarget(0) extendedPlatform(0) -> platform(13) subTarget(537395200) extendedPlatform(0)
Refreshing native plugins compatible for Editor in 0.42 ms, found 1 plugins.
Preloading 0 native plugins for Editor in 0.00 ms.
Unloading 1816 Unused Serialized files (Serialized files now loaded: 0)
System memory in use before: 85.7 MB.
System memory in use after: 85.8 MB.

Unloading 8 unused Assets to reduce memory usage. Loaded Objects now: 2303.
Total: 3.745400 ms (FindLiveObjects: 0.504900 ms CreateObjectMapping: 0.082500 ms MarkObjects: 3.114800 ms  DeleteObjects: 0.041000 ms)

AssetImportParameters requested are different than current active one (requested -> active):
  custom:graphics/normal-map-encoding: 01000000000000000000000000000000 -> 02000000000000000000000000000000
========================================================================
Received Prepare
Registering precompiled user dll's ...
Registered in 0.001719 seconds.
Begin MonoManager ReloadAssembly
Native extension for WindowsStandalone target not found
Refreshing native plugins compatible for Editor in 0.43 ms, found 1 plugins.
Preloading 0 native plugins for Editor in 0.00 ms.
Invoked RoslynAnalysisRunner static constructor.
RoslynAnalysisRunner will not be running.
RoslynAnalysisRunner has terminated.
Mono: successfully reloaded assembly
- Completed reload, in  1.247 seconds
Platform modules already initialized, skipping
Switching build target platform(5) subTarget(0) extendedPlatform(0) -> platform(13) subTarget(537395200) extendedPlatform(0)
Refreshing native plugins compatible for Editor in 0.46 ms, found 1 plugins.
Preloading 0 native plugins for Editor in 0.00 ms.
Unloading 1816 Unused Serialized files (Serialized files now loaded: 0)
System memory in use before: 85.7 MB.
System memory in use after: 85.8 MB.

Unloading 8 unused Assets to reduce memory usage. Loaded Objects now: 2306.
Total: 2.737700 ms (FindLiveObjects: 0.254400 ms CreateObjectMapping: 0.054800 ms MarkObjects: 2.404000 ms  DeleteObjects: 0.022800 ms)

AssetImportParameters requested are different than current active one (requested -> active):
  custom:graphics/normal-map-encoding: 01000000000000000000000000000000 -> 02000000000000000000000000000000
========================================================================
Received Import Request.
  Time since last request: 100.856981 seconds.
  path: Assets/Scenes/Scenes/Level 2.unity
  artifactKey: Guid(337b7cbea0025034b8f6d9f0a40a688f) Importer(815301076,1909f56bfc062723c751e8b465ee728b)
Start importing Assets/Scenes/Scenes/Level 2.unity using Guid(337b7cbea0025034b8f6d9f0a40a688f) Importer(815301076,1909f56bfc062723c751e8b465ee728b)  -> (artifact id: '7ed181bc66826eef6272b2a45061160c') in 0.017047 seconds
  Import took 0.061989 seconds .

========================================================================
Received Import Request.
  Time since last request: 229.259436 seconds.
  path: Assets/Scenes/Scriptable/BookOfKnowledge.prefab
  artifactKey: Guid(7038ae553c9f792469cc88dc21a85fa0) Importer(815301076,1909f56bfc062723c751e8b465ee728b)
Start importing Assets/Scenes/Scriptable/BookOfKnowledge.prefab using Guid(7038ae553c9f792469cc88dc21a85fa0) Importer(815301076,1909f56bfc062723c751e8b465ee728b)  -> (artifact id: 'a2e70c8a03a590a7a4241abf39d7b401') in 0.052637 seconds
  Import took 0.085610 seconds .

========================================================================
Received Prepare
Registering precompiled user dll's ...
Registered in 0.001176 seconds.
Begin MonoManager ReloadAssembly
Native extension for WindowsStandalone target not found
Refreshing native plugins compatible for Editor in 0.50 ms, found 1 plugins.
Preloading 0 native plugins for Editor in 0.00 ms.
Invoked RoslynAnalysisRunner static constructor.
RoslynAnalysisRunner will not be running.
RoslynAnalysisRunner has terminated.
Mono: successfully reloaded assembly
- Completed reload, in  1.227 seconds
Platform modules already initialized, skipping
Switching build target platform(5) subTarget(0) extendedPlatform(0) -> platform(13) subTarget(537395200) extendedPlatform(0)
Refreshing native plugins compatible for Editor in 0.42 ms, found 1 plugins.
Preloading 0 native plugins for Editor in 0.00 ms.
Unloading 1816 Unused Serialized files (Serialized files now loaded: 0)
System memory in use before: 85.7 MB.
System memory in use after: 85.8 MB.

Unloading 10 unused Assets to reduce memory usage. Loaded Objects now: 2309.
Total: 3.506900 ms (FindLiveObjects: 0.433100 ms CreateObjectMapping: 0.078300 ms MarkObjects: 2.952100 ms  DeleteObjects: 0.041200 ms)

AssetImportParameters requested are different than current active one (requested -> active):
  custom:graphics/normal-map-encoding: 01000000000000000000000000000000 -> 02000000000000000000000000000000
========================================================================
Received Import Request.
  Time since last request: 122.687840 seconds.
  path: Assets/Scenes/Scriptable/BookOfKnowledge.prefab
  artifactKey: Guid(7038ae553c9f792469cc88dc21a85fa0) Importer(815301076,1909f56bfc062723c751e8b465ee728b)
Start importing Assets/Scenes/Scriptable/BookOfKnowledge.prefab using Guid(7038ae553c9f792469cc88dc21a85fa0) Importer(815301076,1909f56bfc062723c751e8b465ee728b)  -> (artifact id: '706549e39057d9e8e40b62be17b29969') in 0.066516 seconds
  Import took 0.088221 seconds .

========================================================================
Received Import Request.
  Time since last request: 63.213612 seconds.
  path: Assets/Scenes/Scriptable/BookOfKnowledge.prefab
  artifactKey: Guid(7038ae553c9f792469cc88dc21a85fa0) Importer(815301076,1909f56bfc062723c751e8b465ee728b)
Start importing Assets/Scenes/Scriptable/BookOfKnowledge.prefab using Guid(7038ae553c9f792469cc88dc21a85fa0) Importer(815301076,1909f56bfc062723c751e8b465ee728b)  -> (artifact id: '82e4c7aae8376c981895e26c1b8b048a') in 0.007794 seconds
  Import took 0.080938 seconds .

========================================================================
Received Import Request.
  Time since last request: 8.652462 seconds.
  path: Assets/Scenes/Scriptable/BookOfKnowledge.prefab
  artifactKey: Guid(7038ae553c9f792469cc88dc21a85fa0) Importer(815301076,1909f56bfc062723c751e8b465ee728b)
Start importing Assets/Scenes/Scriptable/BookOfKnowledge.prefab using Guid(7038ae553c9f792469cc88dc21a85fa0) Importer(815301076,1909f56bfc062723c751e8b465ee728b)  -> (artifact id: 'e0b16ef86789b0ac2341c64005fdfe87') in 0.009586 seconds
  Import took 0.028162 seconds .

AssetImportWorkerClient::OnTransportError - code=2 error=End of file
